{
  "stats": {
    "suites": 6,
    "tests": 21,
    "passes": 0,
    "pending": 0,
    "failures": 21,
    "start": "2026-06-30T03:01:58.686Z",
    "end": "2026-06-30T03:03:50.262Z",
    "duration": 111576,
    "testsRegistered": 21,
    "passPercent": 0,
    "pendingPercent": 0,
    "other": 0,
    "hasOther": false,
    "skipped": 0,
    "hasSkipped": false
  },
  "results": [
    {
      "uuid": "5d005e4a-ebc6-449c-9333-5d3d9feeaf08",
      "title": "",
      "fullFile": "cypress/e2e/api/reqres.api.cy.js",
      "file": "cypress/e2e/api/reqres.api.cy.js",
      "beforeHooks": [],
      "afterHooks": [],
      "tests": [],
      "suites": [
        {
          "uuid": "d3c2eb6d-a0f0-4157-ae62-1098666f0e52",
          "title": "API Tests - Reqres.in",
          "fullFile": "",
          "file": "",
          "beforeHooks": [],
          "afterHooks": [],
          "tests": [],
          "suites": [
            {
              "uuid": "2e829621-701e-421b-8457-019e9b0f8da1",
              "title": "Validação de Status Code",
              "fullFile": "",
              "file": "",
              "beforeHooks": [],
              "afterHooks": [],
              "tests": [
                {
                  "title": "GET /users - deve retornar status 200 para listagem de usuários",
                  "fullTitle": "API Tests - Reqres.in Validação de Status Code GET /users - deve retornar status 200 para listagem de usuários",
                  "timedOut": null,
                  "duration": 1407,
                  "state": "failed",
                  "speed": null,
                  "pass": false,
                  "fail": true,
                  "pending": false,
                  "context": null,
                  "code": "cy.apiRequest('GET', '/users?page=2').then(response => {\n  //GETreqres.in/api/users?page=2\n  expect(response.status).to.eq(200);\n  expect(response.body.data).to.be.an('array');\n  expect(response.body.data.length).to.be.greaterThan(0);\n});",
                  "err": {
                    "message": "AssertionError: expected 403 to equal 200",
                    "estack": "AssertionError: expected 403 to equal 200\n    at Context.eval (webpack://qa-NEXDOM/./cypress/e2e/api/reqres.api.cy.js:17:35)",
                    "diff": "- 403\n+ 200\n"
                  },
                  "uuid": "cda81905-491e-4e73-bb2f-71fb45104cfc",
                  "parentUUID": "2e829621-701e-421b-8457-019e9b0f8da1",
                  "isHook": false,
                  "skipped": false
                },
                {
                  "title": "GET /users/:id - deve retornar status 200 para usuário existente",
                  "fullTitle": "API Tests - Reqres.in Validação de Status Code GET /users/:id - deve retornar status 200 para usuário existente",
                  "timedOut": null,
                  "duration": 1349,
                  "state": "failed",
                  "speed": null,
                  "pass": false,
                  "fail": true,
                  "pending": false,
                  "context": null,
                  "code": "cy.apiRequest('GET', '/users/2').then(response => {\n  expect(response.status).to.eq(200);\n  expect(response.body.data).to.have.property('id', 2);\n});",
                  "err": {
                    "message": "AssertionError: expected 403 to equal 200",
                    "estack": "AssertionError: expected 403 to equal 200\n    at Context.eval (webpack://qa-NEXDOM/./cypress/e2e/api/reqres.api.cy.js:24:35)",
                    "diff": "- 403\n+ 200\n"
                  },
                  "uuid": "ea249292-03e9-4d22-aebd-ddb9ea996b0c",
                  "parentUUID": "2e829621-701e-421b-8457-019e9b0f8da1",
                  "isHook": false,
                  "skipped": false
                },
                {
                  "title": "GET /users/:id - deve retornar status 404 para usuário inexistente",
                  "fullTitle": "API Tests - Reqres.in Validação de Status Code GET /users/:id - deve retornar status 404 para usuário inexistente",
                  "timedOut": null,
                  "duration": 1164,
                  "state": "failed",
                  "speed": null,
                  "pass": false,
                  "fail": true,
                  "pending": false,
                  "context": null,
                  "code": "cy.apiRequest('GET', '/users/999').then(response => {\n  expect(response.status).to.eq(404);\n  expect(response.body).to.be.empty;\n});",
                  "err": {
                    "message": "AssertionError: expected 403 to equal 404",
                    "estack": "AssertionError: expected 403 to equal 404\n    at Context.eval (webpack://qa-NEXDOM/./cypress/e2e/api/reqres.api.cy.js:30:35)",
                    "diff": "- 403\n+ 404\n"
                  },
                  "uuid": "d7cd06ba-d04f-4580-a024-d051b2af1153",
                  "parentUUID": "2e829621-701e-421b-8457-019e9b0f8da1",
                  "isHook": false,
                  "skipped": false
                },
                {
                  "title": "POST /register - deve retornar status 400 quando falta a senha",
                  "fullTitle": "API Tests - Reqres.in Validação de Status Code POST /register - deve retornar status 400 quando falta a senha",
                  "timedOut": null,
                  "duration": 1054,
                  "state": "failed",
                  "speed": null,
                  "pass": false,
                  "fail": true,
                  "pending": false,
                  "context": null,
                  "code": "cy.apiRequest('POST', '/register', apiData.registerFail).then(response => {\n  expect(response.status).to.eq(400);\n  expect(response.body).to.have.property('error');\n});",
                  "err": {
                    "message": "AssertionError: expected 403 to equal 400",
                    "estack": "AssertionError: expected 403 to equal 400\n    at Context.eval (webpack://qa-NEXDOM/./cypress/e2e/api/reqres.api.cy.js:36:35)",
                    "diff": "- 403\n+ 400\n"
                  },
                  "uuid": "7f71b9c7-5eb4-4505-99a7-c8368f8af7aa",
                  "parentUUID": "2e829621-701e-421b-8457-019e9b0f8da1",
                  "isHook": false,
                  "skipped": false
                },
                {
                  "title": "POST /login - deve retornar status 400 para login sem senha",
                  "fullTitle": "API Tests - Reqres.in Validação de Status Code POST /login - deve retornar status 400 para login sem senha",
                  "timedOut": null,
                  "duration": 1924,
                  "state": "failed",
                  "speed": null,
                  "pass": false,
                  "fail": true,
                  "pending": false,
                  "context": null,
                  "code": "cy.apiRequest('POST', '/login', apiData.loginFail).then(response => {\n  expect(response.status).to.eq(400);\n  expect(response.body).to.have.property('error');\n});",
                  "err": {
                    "message": "AssertionError: expected 403 to equal 400",
                    "estack": "AssertionError: expected 403 to equal 400\n    at Context.eval (webpack://qa-NEXDOM/./cypress/e2e/api/reqres.api.cy.js:42:35)",
                    "diff": "- 403\n+ 400\n"
                  },
                  "uuid": "025ac243-1dd1-48b8-b307-74ae41c4776e",
                  "parentUUID": "2e829621-701e-421b-8457-019e9b0f8da1",
                  "isHook": false,
                  "skipped": false
                },
                {
                  "title": "Simulação - deve validar comportamento esperado para status 401 (Unauthorized)",
                  "fullTitle": "API Tests - Reqres.in Validação de Status Code Simulação - deve validar comportamento esperado para status 401 (Unauthorized)",
                  "timedOut": null,
                  "duration": 1425,
                  "state": "failed",
                  "speed": null,
                  "pass": false,
                  "fail": true,
                  "pending": false,
                  "context": null,
                  "code": "// Reqres não possui endpoint autenticado, simulamos a expectativa\ncy.apiRequest('POST', '/login', apiData.loginFail).then(response => {\n  // API retorna 400, mas em um cenário real de auth inválida esperaríamos 401\n  expect(response.status).to.be.oneOf([400, 401]);\n  expect(response.body).to.have.property('error');\n  cy.log('NOTA: Reqres retorna 400 para credenciais inválidas. Em API real, esperaríamos 401.');\n});",
                  "err": {
                    "message": "AssertionError: expected 403 to be one of [ 400, 401 ]",
                    "estack": "AssertionError: expected 403 to be one of [ 400, 401 ]\n    at Context.eval (webpack://qa-NEXDOM/./cypress/e2e/api/reqres.api.cy.js:54:38)",
                    "diff": "- 403\n+ [ 400, 401 ]\n"
                  },
                  "uuid": "eff20441-e767-4181-b951-40124a28eb1c",
                  "parentUUID": "2e829621-701e-421b-8457-019e9b0f8da1",
                  "isHook": false,
                  "skipped": false
                },
                {
                  "title": "GET /users - deve validar paginação com página inexistente",
                  "fullTitle": "API Tests - Reqres.in Validação de Status Code GET /users - deve validar paginação com página inexistente",
                  "timedOut": null,
                  "duration": 1216,
                  "state": "failed",
                  "speed": null,
                  "pass": false,
                  "fail": true,
                  "pending": false,
                  "context": null,
                  "code": "cy.apiRequest('GET', '/users?page=999').then(response => {\n  expect(response.status).to.eq(200);\n  expect(response.body.data).to.be.an('array').and.to.have.length(0);\n});",
                  "err": {
                    "message": "AssertionError: expected 403 to equal 200",
                    "estack": "AssertionError: expected 403 to equal 200\n    at Context.eval (webpack://qa-NEXDOM/./cypress/e2e/api/reqres.api.cy.js:61:35)",
                    "diff": "- 403\n+ 200\n"
                  },
                  "uuid": "bf7ad0c4-dede-4e7b-a27b-e3e0e8afe83d",
                  "parentUUID": "2e829621-701e-421b-8457-019e9b0f8da1",
                  "isHook": false,
                  "skipped": false
                }
              ],
              "suites": [],
              "passes": [],
              "failures": [
                "cda81905-491e-4e73-bb2f-71fb45104cfc",
                "ea249292-03e9-4d22-aebd-ddb9ea996b0c",
                "d7cd06ba-d04f-4580-a024-d051b2af1153",
                "7f71b9c7-5eb4-4505-99a7-c8368f8af7aa",
                "025ac243-1dd1-48b8-b307-74ae41c4776e",
                "eff20441-e767-4181-b951-40124a28eb1c",
                "bf7ad0c4-dede-4e7b-a27b-e3e0e8afe83d"
              ],
              "pending": [],
              "skipped": [],
              "duration": 9539,
              "root": false,
              "rootEmpty": false,
              "_timeout": 2000
            },
            {
              "uuid": "59e37757-74f3-4665-a4f0-5337eb6445a1",
              "title": "Validação de Contrato",
              "fullFile": "",
              "file": "",
              "beforeHooks": [],
              "afterHooks": [],
              "tests": [
                {
                  "title": "GET /users/:id - deve validar schema do usuário",
                  "fullTitle": "API Tests - Reqres.in Validação de Contrato GET /users/:id - deve validar schema do usuário",
                  "timedOut": null,
                  "duration": 3370,
                  "state": "failed",
                  "speed": null,
                  "pass": false,
                  "fail": true,
                  "pending": false,
                  "context": null,
                  "code": "cy.apiRequest('GET', '/users/2').validateSchema(apiData.userSchema).then(response => {\n  const user = response.body.data;\n  // Validações adicionais de formato\n  expect(user.email).to.match(/^[\\w.-]+@[\\w.-]+\\.\\w+$/);\n  expect(user.avatar).to.match(/^https?:\\/\\/.+/);\n});",
                  "err": {
                    "message": "AssertionError: expected { Object (error, message, ...) } to have property 'id'",
                    "estack": "AssertionError: expected { Object (error, message, ...) } to have property 'id'\n    at eval (webpack://qa-NEXDOM/./cypress/support/commands.js:44:25)\nat Array.forEach (<anonymous>)\n    at Context.eval (webpack://qa-NEXDOM/./cypress/support/commands.js:43:25)",
                    "diff": null
                  },
                  "uuid": "db89d79a-d4cf-4994-90d4-1e4363e7865f",
                  "parentUUID": "59e37757-74f3-4665-a4f0-5337eb6445a1",
                  "isHook": false,
                  "skipped": false
                },
                {
                  "title": "GET /users - deve validar schema da listagem com paginação",
                  "fullTitle": "API Tests - Reqres.in Validação de Contrato GET /users - deve validar schema da listagem com paginação",
                  "timedOut": null,
                  "duration": 1383,
                  "state": "failed",
                  "speed": null,
                  "pass": false,
                  "fail": true,
                  "pending": false,
                  "context": null,
                  "code": "cy.apiRequest('GET', '/users?page=1').then(response => {\n  const body = response.body;\n  // Valida estrutura de paginação\n  Object.entries(apiData.userListSchema).forEach(([key, type]) => {\n    expect(body).to.have.property(key);\n    expect(typeof body[key]).to.eq(type);\n  });\n  // Valida que 'data' é um array de usuários\n  expect(body.data).to.be.an('array');\n  // Valida cada item do array contra o schema de usuário\n  body.data.forEach((user, index) => {\n    Object.entries(apiData.userSchema).forEach(([key, type]) => {\n      expect(user, `Usuário no índice ${index}`).to.have.property(key);\n      expect(typeof user[key], `Campo \"${key}\" do índice ${index}`).to.eq(type);\n    });\n  });\n});",
                  "err": {
                    "message": "AssertionError: expected { Object (error, message, ...) } to have property 'page'",
                    "estack": "AssertionError: expected { Object (error, message, ...) } to have property 'page'\n    at eval (webpack://qa-NEXDOM/./cypress/e2e/api/reqres.api.cy.js:85:31)\nat Array.forEach (<anonymous>)\n    at Context.eval (webpack://qa-NEXDOM/./cypress/e2e/api/reqres.api.cy.js:84:47)",
                    "diff": null
                  },
                  "uuid": "7bbc322c-ffc0-4c53-ae36-b794fc8dc108",
                  "parentUUID": "59e37757-74f3-4665-a4f0-5337eb6445a1",
                  "isHook": false,
                  "skipped": false
                },
                {
                  "title": "POST /register - deve validar contrato de registro bem-sucedido",
                  "fullTitle": "API Tests - Reqres.in Validação de Contrato POST /register - deve validar contrato de registro bem-sucedido",
                  "timedOut": null,
                  "duration": 1540,
                  "state": "failed",
                  "speed": null,
                  "pass": false,
                  "fail": true,
                  "pending": false,
                  "context": null,
                  "code": "cy.apiRequest('POST', '/register', apiData.registerSuccess).then(response => {\n  expect(response.status).to.eq(200);\n  expect(response.body).to.have.property('id');\n  expect(response.body).to.have.property('token');\n  expect(typeof response.body.id).to.eq('number');\n  expect(typeof response.body.token).to.eq('string');\n});",
                  "err": {
                    "message": "AssertionError: expected 403 to equal 200",
                    "estack": "AssertionError: expected 403 to equal 200\n    at Context.eval (webpack://qa-NEXDOM/./cypress/e2e/api/reqres.api.cy.js:101:35)",
                    "diff": "- 403\n+ 200\n"
                  },
                  "uuid": "7d1791c7-2dc9-492c-ae38-d8495a15a1dd",
                  "parentUUID": "59e37757-74f3-4665-a4f0-5337eb6445a1",
                  "isHook": false,
                  "skipped": false
                },
                {
                  "title": "POST /register - deve validar contrato de erro",
                  "fullTitle": "API Tests - Reqres.in Validação de Contrato POST /register - deve validar contrato de erro",
                  "timedOut": null,
                  "duration": 1240,
                  "state": "failed",
                  "speed": null,
                  "pass": false,
                  "fail": true,
                  "pending": false,
                  "context": null,
                  "code": "cy.apiRequest('POST', '/register', apiData.registerFail).then(response => {\n  expect(response.status).to.eq(400);\n  expect(response.body).to.have.property('error');\n  expect(typeof response.body.error).to.eq('string');\n  expect(response.body.error).to.not.be.empty;\n});",
                  "err": {
                    "message": "AssertionError: expected 403 to equal 400",
                    "estack": "AssertionError: expected 403 to equal 400\n    at Context.eval (webpack://qa-NEXDOM/./cypress/e2e/api/reqres.api.cy.js:110:35)",
                    "diff": "- 403\n+ 400\n"
                  },
                  "uuid": "e3e9b376-3dea-4b7b-baa4-27e26ffd0092",
                  "parentUUID": "59e37757-74f3-4665-a4f0-5337eb6445a1",
                  "isHook": false,
                  "skipped": false
                }
              ],
              "suites": [],
              "passes": [],
              "failures": [
                "db89d79a-d4cf-4994-90d4-1e4363e7865f",
                "7bbc322c-ffc0-4c53-ae36-b794fc8dc108",
                "7d1791c7-2dc9-492c-ae38-d8495a15a1dd",
                "e3e9b376-3dea-4b7b-baa4-27e26ffd0092"
              ],
              "pending": [],
              "skipped": [],
              "duration": 7533,
              "root": false,
              "rootEmpty": false,
              "_timeout": 2000
            },
            {
              "uuid": "4ad0d0ba-cb40-438b-9116-ac5495531a8c",
              "title": "Fluxo CRUD com Dados Dinâmicos",
              "fullFile": "",
              "file": "",
              "beforeHooks": [],
              "afterHooks": [],
              "tests": [
                {
                  "title": "POST /users - Criação de usuário",
                  "fullTitle": "API Tests - Reqres.in Fluxo CRUD com Dados Dinâmicos POST /users - Criação de usuário",
                  "timedOut": null,
                  "duration": 1545,
                  "state": "failed",
                  "speed": null,
                  "pass": false,
                  "fail": true,
                  "pending": false,
                  "context": null,
                  "code": "cy.apiRequest('POST', '/users', apiData.newUser).then(response => {\n  expect(response.status).to.eq(201);\n  expect(response.body).to.have.property('id');\n  expect(response.body.name).to.eq(apiData.newUser.name);\n  expect(response.body.job).to.eq(apiData.newUser.job);\n  expect(response.body).to.have.property('createdAt');\n  createdUserId = response.body.id;\n  cy.log(`Usuário criado com ID: ${createdUserId}`);\n});",
                  "err": {
                    "message": "AssertionError: expected 403 to equal 201",
                    "estack": "AssertionError: expected 403 to equal 201\n    at Context.eval (webpack://qa-NEXDOM/./cypress/e2e/api/reqres.api.cy.js:124:35)",
                    "diff": "- 403\n+ 201\n"
                  },
                  "uuid": "7b01fdd8-a877-4cdd-aa11-700991d006ae",
                  "parentUUID": "4ad0d0ba-cb40-438b-9116-ac5495531a8c",
                  "isHook": false,
                  "skipped": false
                },
                {
                  "title": "GET /users/:id - Validação do usuário (leitura)",
                  "fullTitle": "API Tests - Reqres.in Fluxo CRUD com Dados Dinâmicos GET /users/:id - Validação do usuário (leitura)",
                  "timedOut": null,
                  "duration": 2350,
                  "state": "failed",
                  "speed": null,
                  "pass": false,
                  "fail": true,
                  "pending": false,
                  "context": null,
                  "code": "/**\n * NOTA: A API Reqres não persiste dados criados via POST.\n * O GET retorna dados pré-definidos. Em um cenário real, \n * validaríamos os dados criados no passo anterior.\n * Aqui validamos que o endpoint GET funciona corretamente.\n */\ncy.apiRequest('GET', '/users/2').then(response => {\n  expect(response.status).to.eq(200);\n  expect(response.body.data).to.have.property('id');\n  expect(response.body.data).to.have.property('email');\n  cy.log('NOTA: Reqres não persiste dados. Validando GET com dados pré-existentes.');\n});",
                  "err": {
                    "message": "AssertionError: expected 403 to equal 200",
                    "estack": "AssertionError: expected 403 to equal 200\n    at Context.eval (webpack://qa-NEXDOM/./cypress/e2e/api/reqres.api.cy.js:143:35)",
                    "diff": "- 403\n+ 200\n"
                  },
                  "uuid": "d302605d-6802-4494-901b-3dec2eefd522",
                  "parentUUID": "4ad0d0ba-cb40-438b-9116-ac5495531a8c",
                  "isHook": false,
                  "skipped": false
                },
                {
                  "title": "PUT /users/:id - Alteração completa do usuário",
                  "fullTitle": "API Tests - Reqres.in Fluxo CRUD com Dados Dinâmicos PUT /users/:id - Alteração completa do usuário",
                  "timedOut": null,
                  "duration": 2569,
                  "state": "failed",
                  "speed": null,
                  "pass": false,
                  "fail": true,
                  "pending": false,
                  "context": null,
                  "code": "cy.apiRequest('PUT', '/users/2', apiData.updatedUser).then(response => {\n  expect(response.status).to.eq(200);\n  expect(response.body.name).to.eq(apiData.updatedUser.name);\n  expect(response.body.job).to.eq(apiData.updatedUser.job);\n  expect(response.body).to.have.property('updatedAt');\n});",
                  "err": {
                    "message": "AssertionError: expected 403 to equal 200",
                    "estack": "AssertionError: expected 403 to equal 200\n    at Context.eval (webpack://qa-NEXDOM/./cypress/e2e/api/reqres.api.cy.js:152:35)",
                    "diff": "- 403\n+ 200\n"
                  },
                  "uuid": "f73298cf-71d9-4d05-8ef3-19f9463343bc",
                  "parentUUID": "4ad0d0ba-cb40-438b-9116-ac5495531a8c",
                  "isHook": false,
                  "skipped": false
                },
                {
                  "title": "PATCH /users/:id - Alteração parcial do usuário",
                  "fullTitle": "API Tests - Reqres.in Fluxo CRUD com Dados Dinâmicos PATCH /users/:id - Alteração parcial do usuário",
                  "timedOut": null,
                  "duration": 1977,
                  "state": "failed",
                  "speed": null,
                  "pass": false,
                  "fail": true,
                  "pending": false,
                  "context": null,
                  "code": "const partialUpdate = {\n  job: 'Coordenador de QA'\n};\ncy.apiRequest('PATCH', '/users/2', partialUpdate).then(response => {\n  expect(response.status).to.eq(200);\n  expect(response.body.job).to.eq(partialUpdate.job);\n  expect(response.body).to.have.property('updatedAt');\n});",
                  "err": {
                    "message": "AssertionError: expected 403 to equal 200",
                    "estack": "AssertionError: expected 403 to equal 200\n    at Context.eval (webpack://qa-NEXDOM/./cypress/e2e/api/reqres.api.cy.js:162:35)",
                    "diff": "- 403\n+ 200\n"
                  },
                  "uuid": "901a1c9a-1757-4d25-a16c-6d93dde2faeb",
                  "parentUUID": "4ad0d0ba-cb40-438b-9116-ac5495531a8c",
                  "isHook": false,
                  "skipped": false
                },
                {
                  "title": "DELETE /users/:id - Remoção do usuário",
                  "fullTitle": "API Tests - Reqres.in Fluxo CRUD com Dados Dinâmicos DELETE /users/:id - Remoção do usuário",
                  "timedOut": null,
                  "duration": 1664,
                  "state": "failed",
                  "speed": null,
                  "pass": false,
                  "fail": true,
                  "pending": false,
                  "context": null,
                  "code": "cy.apiRequest('DELETE', '/users/2').then(response => {\n  expect(response.status).to.eq(204);\n});",
                  "err": {
                    "message": "AssertionError: expected 403 to equal 204",
                    "estack": "AssertionError: expected 403 to equal 204\n    at Context.eval (webpack://qa-NEXDOM/./cypress/e2e/api/reqres.api.cy.js:170:35)",
                    "diff": "- 403\n+ 204\n"
                  },
                  "uuid": "3b871c02-7ccf-4f09-bbcd-ff2649bedd23",
                  "parentUUID": "4ad0d0ba-cb40-438b-9116-ac5495531a8c",
                  "isHook": false,
                  "skipped": false
                }
              ],
              "suites": [],
              "passes": [],
              "failures": [
                "7b01fdd8-a877-4cdd-aa11-700991d006ae",
                "d302605d-6802-4494-901b-3dec2eefd522",
                "f73298cf-71d9-4d05-8ef3-19f9463343bc",
                "901a1c9a-1757-4d25-a16c-6d93dde2faeb",
                "3b871c02-7ccf-4f09-bbcd-ff2649bedd23"
              ],
              "pending": [],
              "skipped": [],
              "duration": 10105,
              "root": false,
              "rootEmpty": false,
              "_timeout": 2000
            },
            {
              "uuid": "648b8213-c53d-42db-8da2-816fd6d6793a",
              "title": "Testes de Autenticação",
              "fullFile": "",
              "file": "",
              "beforeHooks": [],
              "afterHooks": [],
              "tests": [
                {
                  "title": "POST /login - deve realizar login com sucesso",
                  "fullTitle": "API Tests - Reqres.in Testes de Autenticação POST /login - deve realizar login com sucesso",
                  "timedOut": null,
                  "duration": 3043,
                  "state": "failed",
                  "speed": null,
                  "pass": false,
                  "fail": true,
                  "pending": false,
                  "context": null,
                  "code": "cy.apiRequest('POST', '/login', apiData.loginSuccess).then(response => {\n  expect(response.status).to.eq(200);\n  expect(response.body).to.have.property('token');\n  expect(response.body.token).to.be.a('string').and.not.be.empty;\n});",
                  "err": {
                    "message": "AssertionError: expected 403 to equal 200",
                    "estack": "AssertionError: expected 403 to equal 200\n    at Context.eval (webpack://qa-NEXDOM/./cypress/e2e/api/reqres.api.cy.js:179:35)",
                    "diff": "- 403\n+ 200\n"
                  },
                  "uuid": "63d0321f-2287-45dc-8a8e-71400d58ecae",
                  "parentUUID": "648b8213-c53d-42db-8da2-816fd6d6793a",
                  "isHook": false,
                  "skipped": false
                },
                {
                  "title": "POST /login - deve falhar sem senha",
                  "fullTitle": "API Tests - Reqres.in Testes de Autenticação POST /login - deve falhar sem senha",
                  "timedOut": null,
                  "duration": 4076,
                  "state": "failed",
                  "speed": null,
                  "pass": false,
                  "fail": true,
                  "pending": false,
                  "context": null,
                  "code": "cy.apiRequest('POST', '/login', apiData.loginFail).then(response => {\n  expect(response.status).to.eq(400);\n  expect(response.body.error).to.eq('Missing password');\n});",
                  "err": {
                    "message": "AssertionError: expected 403 to equal 400",
                    "estack": "AssertionError: expected 403 to equal 400\n    at Context.eval (webpack://qa-NEXDOM/./cypress/e2e/api/reqres.api.cy.js:186:35)",
                    "diff": "- 403\n+ 400\n"
                  },
                  "uuid": "b9a7a28f-7337-4c30-9a4c-7f9d1cc16b2c",
                  "parentUUID": "648b8213-c53d-42db-8da2-816fd6d6793a",
                  "isHook": false,
                  "skipped": false
                },
                {
                  "title": "POST /login - deve falhar com body vazio",
                  "fullTitle": "API Tests - Reqres.in Testes de Autenticação POST /login - deve falhar com body vazio",
                  "timedOut": null,
                  "duration": 1638,
                  "state": "failed",
                  "speed": null,
                  "pass": false,
                  "fail": true,
                  "pending": false,
                  "context": null,
                  "code": "cy.apiRequest('POST', '/login', {}).then(response => {\n  expect(response.status).to.eq(400);\n  expect(response.body).to.have.property('error');\n});",
                  "err": {
                    "message": "AssertionError: expected 403 to equal 400",
                    "estack": "AssertionError: expected 403 to equal 400\n    at Context.eval (webpack://qa-NEXDOM/./cypress/e2e/api/reqres.api.cy.js:192:35)",
                    "diff": "- 403\n+ 400\n"
                  },
                  "uuid": "474c57af-4aa3-44f4-9708-e6d3fd50e20f",
                  "parentUUID": "648b8213-c53d-42db-8da2-816fd6d6793a",
                  "isHook": false,
                  "skipped": false
                }
              ],
              "suites": [],
              "passes": [],
              "failures": [
                "63d0321f-2287-45dc-8a8e-71400d58ecae",
                "b9a7a28f-7337-4c30-9a4c-7f9d1cc16b2c",
                "474c57af-4aa3-44f4-9708-e6d3fd50e20f"
              ],
              "pending": [],
              "skipped": [],
              "duration": 8757,
              "root": false,
              "rootEmpty": false,
              "_timeout": 2000
            },
            {
              "uuid": "77cbbaf5-67bb-43ca-9bc8-8a89846206fa",
              "title": "Testes de Resposta da API",
              "fullFile": "",
              "file": "",
              "beforeHooks": [],
              "afterHooks": [],
              "tests": [
                {
                  "title": "GET /users - deve responder em tempo aceitável",
                  "fullTitle": "API Tests - Reqres.in Testes de Resposta da API GET /users - deve responder em tempo aceitável",
                  "timedOut": null,
                  "duration": 2217,
                  "state": "failed",
                  "speed": null,
                  "pass": false,
                  "fail": true,
                  "pending": false,
                  "context": null,
                  "code": "cy.apiRequest('GET', '/users?page=1').then(response => {\n  expect(response.status).to.eq(200);\n  expect(response.duration).to.be.lessThan(5000);\n  cy.log(`Tempo de resposta: ${response.duration}ms`);\n});",
                  "err": {
                    "message": "AssertionError: expected 403 to equal 200",
                    "estack": "AssertionError: expected 403 to equal 200\n    at Context.eval (webpack://qa-NEXDOM/./cypress/e2e/api/reqres.api.cy.js:202:35)",
                    "diff": "- 403\n+ 200\n"
                  },
                  "uuid": "1f0f1960-e0c8-4094-b702-4ddd810c9b30",
                  "parentUUID": "77cbbaf5-67bb-43ca-9bc8-8a89846206fa",
                  "isHook": false,
                  "skipped": false
                },
                {
                  "title": "GET /users?delay=1 - deve respeitar o delay configurado",
                  "fullTitle": "API Tests - Reqres.in Testes de Resposta da API GET /users?delay=1 - deve respeitar o delay configurado",
                  "timedOut": null,
                  "duration": 3425,
                  "state": "failed",
                  "speed": null,
                  "pass": false,
                  "fail": true,
                  "pending": false,
                  "context": null,
                  "code": "cy.apiRequest('GET', '/users?delay=1').then(response => {\n  expect(response.status).to.eq(200);\n  expect(response.duration).to.be.greaterThan(900);\n  cy.log(`Tempo com delay: ${response.duration}ms`);\n});",
                  "err": {
                    "message": "AssertionError: expected 403 to equal 200",
                    "estack": "AssertionError: expected 403 to equal 200\n    at Context.eval (webpack://qa-NEXDOM/./cypress/e2e/api/reqres.api.cy.js:209:35)",
                    "diff": "- 403\n+ 200\n"
                  },
                  "uuid": "4ff4a8a7-d2ba-49d2-95bc-e5ca344dc35e",
                  "parentUUID": "77cbbaf5-67bb-43ca-9bc8-8a89846206fa",
                  "isHook": false,
                  "skipped": false
                }
              ],
              "suites": [],
              "passes": [],
              "failures": [
                "1f0f1960-e0c8-4094-b702-4ddd810c9b30",
                "4ff4a8a7-d2ba-49d2-95bc-e5ca344dc35e"
              ],
              "pending": [],
              "skipped": [],
              "duration": 5642,
              "root": false,
              "rootEmpty": false,
              "_timeout": 2000
            }
          ],
          "passes": [],
          "failures": [],
          "pending": [],
          "skipped": [],
          "duration": 0,
          "root": false,
          "rootEmpty": false,
          "_timeout": 2000
        }
      ],
      "passes": [],
      "failures": [],
      "pending": [],
      "skipped": [],
      "duration": 0,
      "root": true,
      "rootEmpty": true,
      "_timeout": 2000
    }
  ],
  "meta": {
    "mocha": {
      "version": "7.0.1"
    },
    "mochawesome": {
      "options": {
        "quiet": false,
        "reportFilename": "mochawesome",
        "saveHtml": false,
        "saveJson": true,
        "consoleReporter": "spec",
        "useInlineDiffs": false,
        "code": true
      },
      "version": "7.1.4"
    },
    "marge": {
      "options": {
        "reportDir": "cypress/reports/json",
        "overwrite": false,
        "html": false,
        "json": true,
        "timestamp": "mmddyyyy_HHMMss"
      },
      "version": "6.3.2"
    }
  }
}