{
  "stats": {
    "suites": 2,
    "tests": 2,
    "passes": 1,
    "pending": 0,
    "failures": 1,
    "start": "2026-06-30T03:04:07.447Z",
    "end": "2026-06-30T03:06:28.281Z",
    "duration": 140834,
    "testsRegistered": 19,
    "passPercent": 5.263157894736842,
    "pendingPercent": 0,
    "other": 0,
    "hasOther": false,
    "skipped": 17,
    "hasSkipped": true
  },
  "results": [
    {
      "uuid": "f8fc59eb-8d2a-4b65-a293-000886c711a5",
      "title": "",
      "fullFile": "cypress/e2e/ui/ecommerce-flow.cy.js",
      "file": "cypress/e2e/ui/ecommerce-flow.cy.js",
      "beforeHooks": [],
      "afterHooks": [],
      "tests": [],
      "suites": [
        {
          "uuid": "1b728fd8-8a73-439a-9738-a9650551d0d9",
          "title": "Fluxo E-commerce - SauceDemo",
          "fullFile": "",
          "file": "",
          "beforeHooks": [],
          "afterHooks": [],
          "tests": [],
          "suites": [
            {
              "uuid": "9440cfbe-7712-49df-95bc-ce05a182ae30",
              "title": "Inventário de Produtos",
              "fullFile": "",
              "file": "",
              "beforeHooks": [],
              "afterHooks": [],
              "tests": [
                {
                  "title": "deve exibir 6 produtos na listagem",
                  "fullTitle": "Fluxo E-commerce - SauceDemo Inventário de Produtos deve exibir 6 produtos na listagem",
                  "timedOut": null,
                  "duration": 14673,
                  "state": "passed",
                  "speed": "slow",
                  "pass": true,
                  "fail": false,
                  "pending": false,
                  "context": null,
                  "code": "_InventoryPage.default.assertItemCount(6);",
                  "err": {},
                  "uuid": "803d626a-c4a3-400c-b970-a293ed42a4b3",
                  "parentUUID": "9440cfbe-7712-49df-95bc-ce05a182ae30",
                  "isHook": false,
                  "skipped": false
                },
                {
                  "title": "deve ordenar produtos por preço - menor para maior",
                  "fullTitle": "Fluxo E-commerce - SauceDemo Inventário de Produtos deve ordenar produtos por preço - menor para maior",
                  "timedOut": null,
                  "duration": 61951,
                  "state": "failed",
                  "speed": null,
                  "pass": false,
                  "fail": true,
                  "pending": false,
                  "context": null,
                  "code": "_InventoryPage.default.sortBy('lohi');\n_InventoryPage.default.assertSortedByPriceAsc();",
                  "err": {
                    "message": "CypressError: Timed out after waiting `60000ms` for your remote page to load.\n\nYour page did not fire its `load` event within `60000ms`.\n\nYou can try increasing the `pageLoadTimeout` value in `cypress.config.js` to wait longer.\n\nBrowsers will not fire the `load` event until all stylesheets and scripts are done downloading.\n\nWhen this `load` event occurs, Cypress will continue running commands.\n\nBecause this error occurred during a `before each` hook we are skipping the remaining tests in the current suite: `Fluxo E-commerce - SauceDemo`",
                    "estack": "CypressError: Timed out after waiting `60000ms` for your remote page to load.\n\nYour page did not fire its `load` event within `60000ms`.\n\nYou can try increasing the `pageLoadTimeout` value in `cypress.config.js` to wait longer.\n\nBrowsers will not fire the `load` event until all stylesheets and scripts are done downloading.\n\nWhen this `load` event occurs, Cypress will continue running commands.\n\nBecause this error occurred during a `before each` hook we are skipping the remaining tests in the current suite: `Fluxo E-commerce - SauceDemo`\n    at timedOutWaitingForPageLoad (https://www.saucedemo.com/__cypress/runner/cypress_runner.js:130639:64)\n    at <unknown> (https://www.saucedemo.com/__cypress/runner/cypress_runner.js:131624:16)\n    at tryCatcher (https://www.saucedemo.com/__cypress/runner/cypress_runner.js:1830:23)\n    at <unknown> (https://www.saucedemo.com/__cypress/runner/cypress_runner.js:4209:41)\n    at tryCatcher (https://www.saucedemo.com/__cypress/runner/cypress_runner.js:1830:23)\n    at Promise._settlePromiseFromHandler (https://www.saucedemo.com/__cypress/runner/cypress_runner.js:1542:31)\n    at Promise._settlePromise (https://www.saucedemo.com/__cypress/runner/cypress_runner.js:1599:18)\n    at Promise._settlePromise0 (https://www.saucedemo.com/__cypress/runner/cypress_runner.js:1644:10)\n    at Promise._settlePromises (https://www.saucedemo.com/__cypress/runner/cypress_runner.js:1720:18)\n    at _drainQueueStep (https://www.saucedemo.com/__cypress/runner/cypress_runner.js:2430:12)\n    at _drainQueue (https://www.saucedemo.com/__cypress/runner/cypress_runner.js:2423:9)\n    at Async._drainQueues (https://www.saucedemo.com/__cypress/runner/cypress_runner.js:2439:5)\n    at Async.drainQueues (https://www.saucedemo.com/__cypress/runner/cypress_runner.js:2309:14)\nFrom Your Spec Code:\n    at LoginPage.visit (webpack://qa-NEXDOM/./cypress/pages/LoginPage.js:21:7)\n    at Context.eval (webpack://qa-NEXDOM/./cypress/e2e/ui/ecommerce-flow.cy.js:20:14)",
                    "diff": null
                  },
                  "uuid": "73a6e770-c80f-48e2-920c-4017878ed32d",
                  "parentUUID": "9440cfbe-7712-49df-95bc-ce05a182ae30",
                  "isHook": false,
                  "skipped": false
                },
                {
                  "title": "deve ordenar produtos por preço - maior para menor",
                  "fullTitle": "Fluxo E-commerce - SauceDemo Inventário de Produtos deve ordenar produtos por preço - maior para menor",
                  "timedOut": null,
                  "duration": 0,
                  "state": "skipped",
                  "speed": null,
                  "pass": false,
                  "fail": false,
                  "pending": false,
                  "context": null,
                  "code": "_InventoryPage.default.sortBy('hilo');\n_InventoryPage.default.assertSortedByPriceDesc();",
                  "err": {},
                  "uuid": "9b6af281-a2bd-437e-a455-32ff62530a57",
                  "parentUUID": "9440cfbe-7712-49df-95bc-ce05a182ae30",
                  "isHook": false,
                  "skipped": true
                },
                {
                  "title": "deve ordenar produtos por nome A-Z",
                  "fullTitle": "Fluxo E-commerce - SauceDemo Inventário de Produtos deve ordenar produtos por nome A-Z",
                  "timedOut": null,
                  "duration": 0,
                  "state": "skipped",
                  "speed": null,
                  "pass": false,
                  "fail": false,
                  "pending": false,
                  "context": null,
                  "code": "_InventoryPage.default.sortBy('az');\n_InventoryPage.default.assertSortedByNameAsc();",
                  "err": {},
                  "uuid": "a33bd647-c1e1-47e5-a5b7-af16947d6ef4",
                  "parentUUID": "9440cfbe-7712-49df-95bc-ce05a182ae30",
                  "isHook": false,
                  "skipped": true
                },
                {
                  "title": "deve ordenar produtos por nome Z-A",
                  "fullTitle": "Fluxo E-commerce - SauceDemo Inventário de Produtos deve ordenar produtos por nome Z-A",
                  "timedOut": null,
                  "duration": 0,
                  "state": "skipped",
                  "speed": null,
                  "pass": false,
                  "fail": false,
                  "pending": false,
                  "context": null,
                  "code": "_InventoryPage.default.sortBy('za');\n_InventoryPage.default.assertSortedByNameDesc();",
                  "err": {},
                  "uuid": "3f80a292-60f2-43ef-b472-ea63e45910c7",
                  "parentUUID": "9440cfbe-7712-49df-95bc-ce05a182ae30",
                  "isHook": false,
                  "skipped": true
                }
              ],
              "suites": [],
              "passes": [
                "803d626a-c4a3-400c-b970-a293ed42a4b3"
              ],
              "failures": [
                "73a6e770-c80f-48e2-920c-4017878ed32d"
              ],
              "pending": [],
              "skipped": [
                "9b6af281-a2bd-437e-a455-32ff62530a57",
                "a33bd647-c1e1-47e5-a5b7-af16947d6ef4",
                "3f80a292-60f2-43ef-b472-ea63e45910c7"
              ],
              "duration": 76624,
              "root": false,
              "rootEmpty": false,
              "_timeout": 2000
            },
            {
              "uuid": "a10dbf62-f475-4b3c-894d-9b10f364c22e",
              "title": "Carrinho de Compras",
              "fullFile": "",
              "file": "",
              "beforeHooks": [],
              "afterHooks": [],
              "tests": [
                {
                  "title": "deve adicionar um produto ao carrinho e validar o badge",
                  "fullTitle": "Fluxo E-commerce - SauceDemo Carrinho de Compras deve adicionar um produto ao carrinho e validar o badge",
                  "timedOut": null,
                  "duration": 0,
                  "state": "skipped",
                  "speed": null,
                  "pass": false,
                  "fail": false,
                  "pending": false,
                  "context": null,
                  "code": "_InventoryPage.default.addItemToCartByName(products.expectedProducts.backpack.name);\n_InventoryPage.default.assertCartCount(1);",
                  "err": {},
                  "uuid": "19d3776c-27c7-44ef-9890-aa125a5a1811",
                  "parentUUID": null,
                  "isHook": false,
                  "skipped": true
                },
                {
                  "title": "deve adicionar múltiplos produtos ao carrinho",
                  "fullTitle": "Fluxo E-commerce - SauceDemo Carrinho de Compras deve adicionar múltiplos produtos ao carrinho",
                  "timedOut": null,
                  "duration": 0,
                  "state": "skipped",
                  "speed": null,
                  "pass": false,
                  "fail": false,
                  "pending": false,
                  "context": null,
                  "code": "_InventoryPage.default.addItemToCartByName(products.expectedProducts.backpack.name).addItemToCartByName(products.expectedProducts.bikeLight.name);\n_InventoryPage.default.assertCartCount(2);",
                  "err": {},
                  "uuid": "1183a71f-d4dd-4c9c-95d4-9cc907bee88e",
                  "parentUUID": null,
                  "isHook": false,
                  "skipped": true
                },
                {
                  "title": "deve remover produto do carrinho pela página de inventário",
                  "fullTitle": "Fluxo E-commerce - SauceDemo Carrinho de Compras deve remover produto do carrinho pela página de inventário",
                  "timedOut": null,
                  "duration": 0,
                  "state": "skipped",
                  "speed": null,
                  "pass": false,
                  "fail": false,
                  "pending": false,
                  "context": null,
                  "code": "_InventoryPage.default.addItemToCartByName(products.expectedProducts.backpack.name);\n_InventoryPage.default.assertCartCount(1);\n_InventoryPage.default.removeItemFromCartByName(products.expectedProducts.backpack.name);\n_InventoryPage.default.assertCartCount(0);",
                  "err": {},
                  "uuid": "9d796c47-47a1-4788-9b4a-1cecf7371059",
                  "parentUUID": null,
                  "isHook": false,
                  "skipped": true
                },
                {
                  "title": "deve exibir os produtos corretos na página do carrinho",
                  "fullTitle": "Fluxo E-commerce - SauceDemo Carrinho de Compras deve exibir os produtos corretos na página do carrinho",
                  "timedOut": null,
                  "duration": 0,
                  "state": "skipped",
                  "speed": null,
                  "pass": false,
                  "fail": false,
                  "pending": false,
                  "context": null,
                  "code": "_InventoryPage.default.addItemToCartByName(products.expectedProducts.backpack.name).addItemToCartByName(products.expectedProducts.bikeLight.name);\n_InventoryPage.default.goToCart();\n_CartPage.default.assertPageLoaded();\n_CartPage.default.assertCartItemCount(2);\n_CartPage.default.assertItemInCart(products.expectedProducts.backpack.name);\n_CartPage.default.assertItemInCart(products.expectedProducts.bikeLight.name);",
                  "err": {},
                  "uuid": "b05da768-94a6-47d5-af8e-a059da2e226e",
                  "parentUUID": null,
                  "isHook": false,
                  "skipped": true
                },
                {
                  "title": "deve remover produto pela página do carrinho",
                  "fullTitle": "Fluxo E-commerce - SauceDemo Carrinho de Compras deve remover produto pela página do carrinho",
                  "timedOut": null,
                  "duration": 0,
                  "state": "skipped",
                  "speed": null,
                  "pass": false,
                  "fail": false,
                  "pending": false,
                  "context": null,
                  "code": "_InventoryPage.default.addItemToCartByName(products.expectedProducts.backpack.name);\n_InventoryPage.default.goToCart();\n_CartPage.default.assertPageLoaded();\n_CartPage.default.removeItemByName(products.expectedProducts.backpack.name);\n_CartPage.default.assertItemNotInCart(products.expectedProducts.backpack.name);",
                  "err": {},
                  "uuid": "af78bb68-adeb-4c58-b3d1-a5eebef7686d",
                  "parentUUID": null,
                  "isHook": false,
                  "skipped": true
                },
                {
                  "title": "deve validar preço do produto no carrinho",
                  "fullTitle": "Fluxo E-commerce - SauceDemo Carrinho de Compras deve validar preço do produto no carrinho",
                  "timedOut": null,
                  "duration": 0,
                  "state": "skipped",
                  "speed": null,
                  "pass": false,
                  "fail": false,
                  "pending": false,
                  "context": null,
                  "code": "_InventoryPage.default.addItemToCartByName(products.expectedProducts.backpack.name);\n_InventoryPage.default.goToCart();\n_CartPage.default.assertItemPrice(products.expectedProducts.backpack.name, products.expectedProducts.backpack.price);",
                  "err": {},
                  "uuid": "2d71e303-843e-47c0-a55b-c7e7bcd6d106",
                  "parentUUID": null,
                  "isHook": false,
                  "skipped": true
                },
                {
                  "title": "deve retornar ao inventário pelo botão Continue Shopping",
                  "fullTitle": "Fluxo E-commerce - SauceDemo Carrinho de Compras deve retornar ao inventário pelo botão Continue Shopping",
                  "timedOut": null,
                  "duration": 0,
                  "state": "skipped",
                  "speed": null,
                  "pass": false,
                  "fail": false,
                  "pending": false,
                  "context": null,
                  "code": "_InventoryPage.default.addItemToCartByName(products.expectedProducts.backpack.name);\n_InventoryPage.default.goToCart();\n_CartPage.default.continueShopping();\n_InventoryPage.default.assertPageLoaded();",
                  "err": {},
                  "uuid": "1053d2bc-5579-42c4-9a16-ff2697bb1f5d",
                  "parentUUID": null,
                  "isHook": false,
                  "skipped": true
                }
              ],
              "suites": [],
              "passes": [],
              "failures": [],
              "pending": [],
              "skipped": [
                "19d3776c-27c7-44ef-9890-aa125a5a1811",
                "1183a71f-d4dd-4c9c-95d4-9cc907bee88e",
                "9d796c47-47a1-4788-9b4a-1cecf7371059",
                "b05da768-94a6-47d5-af8e-a059da2e226e",
                "af78bb68-adeb-4c58-b3d1-a5eebef7686d",
                "2d71e303-843e-47c0-a55b-c7e7bcd6d106",
                "1053d2bc-5579-42c4-9a16-ff2697bb1f5d"
              ],
              "duration": 0,
              "root": false,
              "rootEmpty": false,
              "_timeout": 2000
            },
            {
              "uuid": "fee69295-db5e-4678-8b81-208e370e0492",
              "title": "Checkout - Fluxo Completo",
              "fullFile": "",
              "file": "",
              "beforeHooks": [],
              "afterHooks": [],
              "tests": [
                {
                  "title": "deve completar compra com sucesso (fluxo E2E completo)",
                  "fullTitle": "Fluxo E-commerce - SauceDemo Checkout - Fluxo Completo deve completar compra com sucesso (fluxo E2E completo)",
                  "timedOut": null,
                  "duration": 0,
                  "state": "skipped",
                  "speed": null,
                  "pass": false,
                  "fail": false,
                  "pending": false,
                  "context": null,
                  "code": "_CheckoutPage.default.fillCheckoutInfo(products.checkoutInfo.firstName, products.checkoutInfo.lastName, products.checkoutInfo.postalCode);\n_CheckoutPage.default.clickContinue();\n_CheckoutPage.default.assertOnStepTwo();\n_CheckoutPage.default.assertTotalIsCorrect();\n_CheckoutPage.default.clickFinish();\n_CheckoutPage.default.assertOrderComplete();",
                  "err": {},
                  "uuid": "39c9b6e2-dbfc-4338-97fc-b08c2f7bda8e",
                  "parentUUID": null,
                  "isHook": false,
                  "skipped": true
                },
                {
                  "title": "deve retornar para produtos após finalizar compra",
                  "fullTitle": "Fluxo E-commerce - SauceDemo Checkout - Fluxo Completo deve retornar para produtos após finalizar compra",
                  "timedOut": null,
                  "duration": 0,
                  "state": "skipped",
                  "speed": null,
                  "pass": false,
                  "fail": false,
                  "pending": false,
                  "context": null,
                  "code": "_CheckoutPage.default.fillCheckoutInfo(products.checkoutInfo.firstName, products.checkoutInfo.lastName, products.checkoutInfo.postalCode);\n_CheckoutPage.default.clickContinue();\n_CheckoutPage.default.clickFinish();\n_CheckoutPage.default.assertOrderComplete();\n_CheckoutPage.default.clickBackHome();\n_InventoryPage.default.assertPageLoaded();",
                  "err": {},
                  "uuid": "44f5deca-858b-49d9-8bf0-df4980be1b3c",
                  "parentUUID": null,
                  "isHook": false,
                  "skipped": true
                }
              ],
              "suites": [],
              "passes": [],
              "failures": [],
              "pending": [],
              "skipped": [
                "39c9b6e2-dbfc-4338-97fc-b08c2f7bda8e",
                "44f5deca-858b-49d9-8bf0-df4980be1b3c"
              ],
              "duration": 0,
              "root": false,
              "rootEmpty": false,
              "_timeout": 2000
            },
            {
              "uuid": "4d59f20e-1694-48b5-ab37-1823b64cf649",
              "title": "Checkout - Validações Negativas",
              "fullFile": "",
              "file": "",
              "beforeHooks": [],
              "afterHooks": [],
              "tests": [
                {
                  "title": "deve exibir erro ao prosseguir sem preencher dados",
                  "fullTitle": "Fluxo E-commerce - SauceDemo Checkout - Validações Negativas deve exibir erro ao prosseguir sem preencher dados",
                  "timedOut": null,
                  "duration": 0,
                  "state": "skipped",
                  "speed": null,
                  "pass": false,
                  "fail": false,
                  "pending": false,
                  "context": null,
                  "code": "_CheckoutPage.default.clickContinue();\n_CheckoutPage.default.assertErrorVisible('Error: First Name is required');",
                  "err": {},
                  "uuid": "5fbfe02a-0a6d-47b9-b608-9a4fa531fc29",
                  "parentUUID": null,
                  "isHook": false,
                  "skipped": true
                },
                {
                  "title": "deve exibir erro sem sobrenome",
                  "fullTitle": "Fluxo E-commerce - SauceDemo Checkout - Validações Negativas deve exibir erro sem sobrenome",
                  "timedOut": null,
                  "duration": 0,
                  "state": "skipped",
                  "speed": null,
                  "pass": false,
                  "fail": false,
                  "pending": false,
                  "context": null,
                  "code": "_CheckoutPage.default.fillCheckoutInfo(products.checkoutInfo.firstName, null, null);\n_CheckoutPage.default.clickContinue();\n_CheckoutPage.default.assertErrorVisible('Error: Last Name is required');",
                  "err": {},
                  "uuid": "d0c544b4-7d1e-4197-820d-7a8f4bef3215",
                  "parentUUID": null,
                  "isHook": false,
                  "skipped": true
                },
                {
                  "title": "deve exibir erro sem CEP",
                  "fullTitle": "Fluxo E-commerce - SauceDemo Checkout - Validações Negativas deve exibir erro sem CEP",
                  "timedOut": null,
                  "duration": 0,
                  "state": "skipped",
                  "speed": null,
                  "pass": false,
                  "fail": false,
                  "pending": false,
                  "context": null,
                  "code": "_CheckoutPage.default.fillCheckoutInfo(products.checkoutInfo.firstName, products.checkoutInfo.lastName, null);\n_CheckoutPage.default.clickContinue();\n_CheckoutPage.default.assertErrorVisible('Error: Postal Code is required');",
                  "err": {},
                  "uuid": "bdb3e172-7a57-4b9d-a5b0-eaccf82d6354",
                  "parentUUID": null,
                  "isHook": false,
                  "skipped": true
                },
                {
                  "title": "deve cancelar checkout e voltar ao carrinho",
                  "fullTitle": "Fluxo E-commerce - SauceDemo Checkout - Validações Negativas deve cancelar checkout e voltar ao carrinho",
                  "timedOut": null,
                  "duration": 0,
                  "state": "skipped",
                  "speed": null,
                  "pass": false,
                  "fail": false,
                  "pending": false,
                  "context": null,
                  "code": "_CheckoutPage.default.clickCancel();\n_CartPage.default.assertPageLoaded();",
                  "err": {},
                  "uuid": "e2892a6e-966d-455e-b587-2d76ee25260c",
                  "parentUUID": null,
                  "isHook": false,
                  "skipped": true
                }
              ],
              "suites": [],
              "passes": [],
              "failures": [],
              "pending": [],
              "skipped": [
                "5fbfe02a-0a6d-47b9-b608-9a4fa531fc29",
                "d0c544b4-7d1e-4197-820d-7a8f4bef3215",
                "bdb3e172-7a57-4b9d-a5b0-eaccf82d6354",
                "e2892a6e-966d-455e-b587-2d76ee25260c"
              ],
              "duration": 0,
              "root": false,
              "rootEmpty": false,
              "_timeout": 2000
            },
            {
              "uuid": "1bc84bdb-524c-425a-8a1e-69d26fa94de0",
              "title": "Logout",
              "fullFile": "",
              "file": "",
              "beforeHooks": [],
              "afterHooks": [],
              "tests": [
                {
                  "title": "deve realizar logout com sucesso",
                  "fullTitle": "Fluxo E-commerce - SauceDemo Logout deve realizar logout com sucesso",
                  "timedOut": null,
                  "duration": 0,
                  "state": "skipped",
                  "speed": null,
                  "pass": false,
                  "fail": false,
                  "pending": false,
                  "context": null,
                  "code": "_InventoryPage.default.logout();\n_LoginPage.default.assertOnLoginPage();",
                  "err": {},
                  "uuid": "e7a4e107-9beb-42e5-a7a8-1d9d3da1980f",
                  "parentUUID": null,
                  "isHook": false,
                  "skipped": true
                }
              ],
              "suites": [],
              "passes": [],
              "failures": [],
              "pending": [],
              "skipped": [
                "e7a4e107-9beb-42e5-a7a8-1d9d3da1980f"
              ],
              "duration": 0,
              "root": false,
              "rootEmpty": false,
              "_timeout": 2000
            }
          ],
          "passes": [],
          "failures": [],
          "pending": [],
          "skipped": [],
          "duration": 0,
          "root": false,
          "rootEmpty": false,
          "_timeout": 2000
        }
      ],
      "passes": [],
      "failures": [],
      "pending": [],
      "skipped": [],
      "duration": 0,
      "root": true,
      "rootEmpty": true,
      "_timeout": 2000
    }
  ],
  "meta": {
    "mocha": {
      "version": "7.0.1"
    },
    "mochawesome": {
      "options": {
        "quiet": false,
        "reportFilename": "mochawesome",
        "saveHtml": false,
        "saveJson": true,
        "consoleReporter": "spec",
        "useInlineDiffs": false,
        "code": true
      },
      "version": "7.1.4"
    },
    "marge": {
      "options": {
        "reportDir": "cypress/reports/json",
        "overwrite": false,
        "html": false,
        "json": true,
        "timestamp": "mmddyyyy_HHMMss"
      },
      "version": "6.3.2"
    }
  }
}