{
  "stats": {
    "suites": 6,
    "tests": 21,
    "passes": 21,
    "pending": 0,
    "failures": 0,
    "start": "2026-06-30T02:29:10.014Z",
    "end": "2026-06-30T02:29:22.554Z",
    "duration": 12540,
    "testsRegistered": 21,
    "passPercent": 100,
    "pendingPercent": 0,
    "other": 0,
    "hasOther": false,
    "skipped": 0,
    "hasSkipped": false
  },
  "results": [
    {
      "uuid": "c5aa5751-f8c0-446a-afa8-69ad8864ebbd",
      "title": "",
      "fullFile": "cypress/e2e/api/reqres.api.cy.js",
      "file": "cypress/e2e/api/reqres.api.cy.js",
      "beforeHooks": [],
      "afterHooks": [],
      "tests": [],
      "suites": [
        {
          "uuid": "42b49b46-04d3-4491-998c-fdcd5214ee06",
          "title": "API Tests - Reqres.in",
          "fullFile": "",
          "file": "",
          "beforeHooks": [],
          "afterHooks": [],
          "tests": [],
          "suites": [
            {
              "uuid": "f5f6922f-00cf-4b76-941e-28c5daaafcba",
              "title": "Validação de Status Code",
              "fullFile": "",
              "file": "",
              "beforeHooks": [],
              "afterHooks": [],
              "tests": [
                {
                  "title": "GET /users - deve retornar status 200 para listagem de usuários",
                  "fullTitle": "API Tests - Reqres.in Validação de Status Code GET /users - deve retornar status 200 para listagem de usuários",
                  "timedOut": null,
                  "duration": 839,
                  "state": "passed",
                  "speed": "fast",
                  "pass": true,
                  "fail": false,
                  "pending": false,
                  "context": null,
                  "code": "cy.apiRequest('GET', '/users?page=2').then(response => {\n  //GETreqres.in/api/users?page=2\n  expect(response.status).to.eq(200);\n  expect(response.body.data).to.be.an('array');\n  expect(response.body.data.length).to.be.greaterThan(0);\n});",
                  "err": {},
                  "uuid": "6c03f282-4c75-4f71-983b-378507b36a6f",
                  "parentUUID": "f5f6922f-00cf-4b76-941e-28c5daaafcba",
                  "isHook": false,
                  "skipped": false
                },
                {
                  "title": "GET /users/:id - deve retornar status 200 para usuário existente",
                  "fullTitle": "API Tests - Reqres.in Validação de Status Code GET /users/:id - deve retornar status 200 para usuário existente",
                  "timedOut": null,
                  "duration": 604,
                  "state": "passed",
                  "speed": "fast",
                  "pass": true,
                  "fail": false,
                  "pending": false,
                  "context": null,
                  "code": "cy.apiRequest('GET', '/users/2').then(response => {\n  expect(response.status).to.eq(200);\n  expect(response.body.data).to.have.property('id', 2);\n});",
                  "err": {},
                  "uuid": "0692adbe-dced-47bf-9f6c-27cf38749799",
                  "parentUUID": "f5f6922f-00cf-4b76-941e-28c5daaafcba",
                  "isHook": false,
                  "skipped": false
                },
                {
                  "title": "GET /users/:id - deve retornar status 404 para usuário inexistente",
                  "fullTitle": "API Tests - Reqres.in Validação de Status Code GET /users/:id - deve retornar status 404 para usuário inexistente",
                  "timedOut": null,
                  "duration": 495,
                  "state": "passed",
                  "speed": "fast",
                  "pass": true,
                  "fail": false,
                  "pending": false,
                  "context": null,
                  "code": "cy.apiRequest('GET', '/users/999').then(response => {\n  expect(response.status).to.eq(404);\n  expect(response.body).to.be.empty;\n});",
                  "err": {},
                  "uuid": "e173726d-eb78-47ce-b27a-f522317c3681",
                  "parentUUID": "f5f6922f-00cf-4b76-941e-28c5daaafcba",
                  "isHook": false,
                  "skipped": false
                },
                {
                  "title": "POST /register - deve retornar status 400 quando falta a senha",
                  "fullTitle": "API Tests - Reqres.in Validação de Status Code POST /register - deve retornar status 400 quando falta a senha",
                  "timedOut": null,
                  "duration": 496,
                  "state": "passed",
                  "speed": "fast",
                  "pass": true,
                  "fail": false,
                  "pending": false,
                  "context": null,
                  "code": "cy.apiRequest('POST', '/register', apiData.registerFail).then(response => {\n  expect(response.status).to.eq(400);\n  expect(response.body).to.have.property('error');\n});",
                  "err": {},
                  "uuid": "f04a6476-ad24-4c61-b889-fabcf87a5f8c",
                  "parentUUID": "f5f6922f-00cf-4b76-941e-28c5daaafcba",
                  "isHook": false,
                  "skipped": false
                },
                {
                  "title": "POST /login - deve retornar status 400 para login sem senha",
                  "fullTitle": "API Tests - Reqres.in Validação de Status Code POST /login - deve retornar status 400 para login sem senha",
                  "timedOut": null,
                  "duration": 296,
                  "state": "passed",
                  "speed": "fast",
                  "pass": true,
                  "fail": false,
                  "pending": false,
                  "context": null,
                  "code": "cy.apiRequest('POST', '/login', apiData.loginFail).then(response => {\n  expect(response.status).to.eq(400);\n  expect(response.body).to.have.property('error');\n});",
                  "err": {},
                  "uuid": "c156a551-5d18-4375-b3a6-92dfc9880cc0",
                  "parentUUID": "f5f6922f-00cf-4b76-941e-28c5daaafcba",
                  "isHook": false,
                  "skipped": false
                },
                {
                  "title": "Simulação - deve validar comportamento esperado para status 401 (Unauthorized)",
                  "fullTitle": "API Tests - Reqres.in Validação de Status Code Simulação - deve validar comportamento esperado para status 401 (Unauthorized)",
                  "timedOut": null,
                  "duration": 314,
                  "state": "passed",
                  "speed": "fast",
                  "pass": true,
                  "fail": false,
                  "pending": false,
                  "context": null,
                  "code": "// Reqres não possui endpoint autenticado, simulamos a expectativa\ncy.apiRequest('POST', '/login', apiData.loginFail).then(response => {\n  // API retorna 400, mas em um cenário real de auth inválida esperaríamos 401\n  expect(response.status).to.be.oneOf([400, 401]);\n  expect(response.body).to.have.property('error');\n  cy.log('NOTA: Reqres retorna 400 para credenciais inválidas. Em API real, esperaríamos 401.');\n});",
                  "err": {},
                  "uuid": "0526923e-065d-4064-8997-e1780d3e84a9",
                  "parentUUID": "f5f6922f-00cf-4b76-941e-28c5daaafcba",
                  "isHook": false,
                  "skipped": false
                },
                {
                  "title": "GET /users - deve validar paginação com página inexistente",
                  "fullTitle": "API Tests - Reqres.in Validação de Status Code GET /users - deve validar paginação com página inexistente",
                  "timedOut": null,
                  "duration": 498,
                  "state": "passed",
                  "speed": "fast",
                  "pass": true,
                  "fail": false,
                  "pending": false,
                  "context": null,
                  "code": "cy.apiRequest('GET', '/users?page=999').then(response => {\n  expect(response.status).to.eq(200);\n  expect(response.body.data).to.be.an('array').and.to.have.length(0);\n});",
                  "err": {},
                  "uuid": "743b5831-4a07-4ced-924f-e1a0b3267e0b",
                  "parentUUID": "f5f6922f-00cf-4b76-941e-28c5daaafcba",
                  "isHook": false,
                  "skipped": false
                }
              ],
              "suites": [],
              "passes": [
                "6c03f282-4c75-4f71-983b-378507b36a6f",
                "0692adbe-dced-47bf-9f6c-27cf38749799",
                "e173726d-eb78-47ce-b27a-f522317c3681",
                "f04a6476-ad24-4c61-b889-fabcf87a5f8c",
                "c156a551-5d18-4375-b3a6-92dfc9880cc0",
                "0526923e-065d-4064-8997-e1780d3e84a9",
                "743b5831-4a07-4ced-924f-e1a0b3267e0b"
              ],
              "failures": [],
              "pending": [],
              "skipped": [],
              "duration": 3542,
              "root": false,
              "rootEmpty": false,
              "_timeout": 2000
            },
            {
              "uuid": "4f36b208-2f90-406e-8575-4320a66f7eab",
              "title": "Validação de Contrato",
              "fullFile": "",
              "file": "",
              "beforeHooks": [],
              "afterHooks": [],
              "tests": [
                {
                  "title": "GET /users/:id - deve validar schema do usuário",
                  "fullTitle": "API Tests - Reqres.in Validação de Contrato GET /users/:id - deve validar schema do usuário",
                  "timedOut": null,
                  "duration": 214,
                  "state": "passed",
                  "speed": "fast",
                  "pass": true,
                  "fail": false,
                  "pending": false,
                  "context": null,
                  "code": "cy.apiRequest('GET', '/users/2').validateSchema(apiData.userSchema).then(response => {\n  const user = response.body.data;\n  // Validações adicionais de formato\n  expect(user.email).to.match(/^[\\w.-]+@[\\w.-]+\\.\\w+$/);\n  expect(user.avatar).to.match(/^https?:\\/\\/.+/);\n});",
                  "err": {},
                  "uuid": "f71401eb-9160-4cb7-9b39-4bb1e2d1181e",
                  "parentUUID": "4f36b208-2f90-406e-8575-4320a66f7eab",
                  "isHook": false,
                  "skipped": false
                },
                {
                  "title": "GET /users - deve validar schema da listagem com paginação",
                  "fullTitle": "API Tests - Reqres.in Validação de Contrato GET /users - deve validar schema da listagem com paginação",
                  "timedOut": null,
                  "duration": 815,
                  "state": "passed",
                  "speed": "fast",
                  "pass": true,
                  "fail": false,
                  "pending": false,
                  "context": null,
                  "code": "cy.apiRequest('GET', '/users?page=1').then(response => {\n  const body = response.body;\n  // Valida estrutura de paginação\n  Object.entries(apiData.userListSchema).forEach(([key, type]) => {\n    expect(body).to.have.property(key);\n    expect(typeof body[key]).to.eq(type);\n  });\n  // Valida que 'data' é um array de usuários\n  expect(body.data).to.be.an('array');\n  // Valida cada item do array contra o schema de usuário\n  body.data.forEach((user, index) => {\n    Object.entries(apiData.userSchema).forEach(([key, type]) => {\n      expect(user, `Usuário no índice ${index}`).to.have.property(key);\n      expect(typeof user[key], `Campo \"${key}\" do índice ${index}`).to.eq(type);\n    });\n  });\n});",
                  "err": {},
                  "uuid": "565a620e-e1a0-4adb-a273-f929e4064493",
                  "parentUUID": "4f36b208-2f90-406e-8575-4320a66f7eab",
                  "isHook": false,
                  "skipped": false
                },
                {
                  "title": "POST /register - deve validar contrato de registro bem-sucedido",
                  "fullTitle": "API Tests - Reqres.in Validação de Contrato POST /register - deve validar contrato de registro bem-sucedido",
                  "timedOut": null,
                  "duration": 363,
                  "state": "passed",
                  "speed": "fast",
                  "pass": true,
                  "fail": false,
                  "pending": false,
                  "context": null,
                  "code": "cy.apiRequest('POST', '/register', apiData.registerSuccess).then(response => {\n  expect(response.status).to.eq(200);\n  expect(response.body).to.have.property('id');\n  expect(response.body).to.have.property('token');\n  expect(typeof response.body.id).to.eq('number');\n  expect(typeof response.body.token).to.eq('string');\n});",
                  "err": {},
                  "uuid": "700aef4d-20d4-4a68-be15-b30085d414f3",
                  "parentUUID": "4f36b208-2f90-406e-8575-4320a66f7eab",
                  "isHook": false,
                  "skipped": false
                },
                {
                  "title": "POST /register - deve validar contrato de erro",
                  "fullTitle": "API Tests - Reqres.in Validação de Contrato POST /register - deve validar contrato de erro",
                  "timedOut": null,
                  "duration": 293,
                  "state": "passed",
                  "speed": "fast",
                  "pass": true,
                  "fail": false,
                  "pending": false,
                  "context": null,
                  "code": "cy.apiRequest('POST', '/register', apiData.registerFail).then(response => {\n  expect(response.status).to.eq(400);\n  expect(response.body).to.have.property('error');\n  expect(typeof response.body.error).to.eq('string');\n  expect(response.body.error).to.not.be.empty;\n});",
                  "err": {},
                  "uuid": "b5ee89d8-cc3b-4ea3-a3f6-e13b908303d8",
                  "parentUUID": "4f36b208-2f90-406e-8575-4320a66f7eab",
                  "isHook": false,
                  "skipped": false
                }
              ],
              "suites": [],
              "passes": [
                "f71401eb-9160-4cb7-9b39-4bb1e2d1181e",
                "565a620e-e1a0-4adb-a273-f929e4064493",
                "700aef4d-20d4-4a68-be15-b30085d414f3",
                "b5ee89d8-cc3b-4ea3-a3f6-e13b908303d8"
              ],
              "failures": [],
              "pending": [],
              "skipped": [],
              "duration": 1685,
              "root": false,
              "rootEmpty": false,
              "_timeout": 2000
            },
            {
              "uuid": "8648f9d1-074c-4400-a833-e3752068a409",
              "title": "Fluxo CRUD com Dados Dinâmicos",
              "fullFile": "",
              "file": "",
              "beforeHooks": [],
              "afterHooks": [],
              "tests": [
                {
                  "title": "POST /users - Criação de usuário",
                  "fullTitle": "API Tests - Reqres.in Fluxo CRUD com Dados Dinâmicos POST /users - Criação de usuário",
                  "timedOut": null,
                  "duration": 344,
                  "state": "passed",
                  "speed": "fast",
                  "pass": true,
                  "fail": false,
                  "pending": false,
                  "context": null,
                  "code": "cy.apiRequest('POST', '/users', apiData.newUser).then(response => {\n  expect(response.status).to.eq(201);\n  expect(response.body).to.have.property('id');\n  expect(response.body.name).to.eq(apiData.newUser.name);\n  expect(response.body.job).to.eq(apiData.newUser.job);\n  expect(response.body).to.have.property('createdAt');\n  createdUserId = response.body.id;\n  cy.log(`Usuário criado com ID: ${createdUserId}`);\n});",
                  "err": {},
                  "uuid": "3b5a4056-da72-4c6b-8345-4b224ca3a02f",
                  "parentUUID": "8648f9d1-074c-4400-a833-e3752068a409",
                  "isHook": false,
                  "skipped": false
                },
                {
                  "title": "GET /users/:id - Validação do usuário (leitura)",
                  "fullTitle": "API Tests - Reqres.in Fluxo CRUD com Dados Dinâmicos GET /users/:id - Validação do usuário (leitura)",
                  "timedOut": null,
                  "duration": 102,
                  "state": "passed",
                  "speed": "fast",
                  "pass": true,
                  "fail": false,
                  "pending": false,
                  "context": null,
                  "code": "/**\n * NOTA: A API Reqres não persiste dados criados via POST.\n * O GET retorna dados pré-definidos. Em um cenário real, \n * validaríamos os dados criados no passo anterior.\n * Aqui validamos que o endpoint GET funciona corretamente.\n */\ncy.apiRequest('GET', '/users/2').then(response => {\n  expect(response.status).to.eq(200);\n  expect(response.body.data).to.have.property('id');\n  expect(response.body.data).to.have.property('email');\n  cy.log('NOTA: Reqres não persiste dados. Validando GET com dados pré-existentes.');\n});",
                  "err": {},
                  "uuid": "a6073410-c4d2-449b-b63d-ebe70b258a95",
                  "parentUUID": "8648f9d1-074c-4400-a833-e3752068a409",
                  "isHook": false,
                  "skipped": false
                },
                {
                  "title": "PUT /users/:id - Alteração completa do usuário",
                  "fullTitle": "API Tests - Reqres.in Fluxo CRUD com Dados Dinâmicos PUT /users/:id - Alteração completa do usuário",
                  "timedOut": null,
                  "duration": 313,
                  "state": "passed",
                  "speed": "fast",
                  "pass": true,
                  "fail": false,
                  "pending": false,
                  "context": null,
                  "code": "cy.apiRequest('PUT', '/users/2', apiData.updatedUser).then(response => {\n  expect(response.status).to.eq(200);\n  expect(response.body.name).to.eq(apiData.updatedUser.name);\n  expect(response.body.job).to.eq(apiData.updatedUser.job);\n  expect(response.body).to.have.property('updatedAt');\n});",
                  "err": {},
                  "uuid": "1ce0d5bc-fca0-4eb9-ae75-ad0ca5f6c8cb",
                  "parentUUID": "8648f9d1-074c-4400-a833-e3752068a409",
                  "isHook": false,
                  "skipped": false
                },
                {
                  "title": "PATCH /users/:id - Alteração parcial do usuário",
                  "fullTitle": "API Tests - Reqres.in Fluxo CRUD com Dados Dinâmicos PATCH /users/:id - Alteração parcial do usuário",
                  "timedOut": null,
                  "duration": 278,
                  "state": "passed",
                  "speed": "fast",
                  "pass": true,
                  "fail": false,
                  "pending": false,
                  "context": null,
                  "code": "const partialUpdate = {\n  job: 'Coordenador de QA'\n};\ncy.apiRequest('PATCH', '/users/2', partialUpdate).then(response => {\n  expect(response.status).to.eq(200);\n  expect(response.body.job).to.eq(partialUpdate.job);\n  expect(response.body).to.have.property('updatedAt');\n});",
                  "err": {},
                  "uuid": "39d7d61e-9991-4b47-8484-1edaf93e5883",
                  "parentUUID": "8648f9d1-074c-4400-a833-e3752068a409",
                  "isHook": false,
                  "skipped": false
                },
                {
                  "title": "DELETE /users/:id - Remoção do usuário",
                  "fullTitle": "API Tests - Reqres.in Fluxo CRUD com Dados Dinâmicos DELETE /users/:id - Remoção do usuário",
                  "timedOut": null,
                  "duration": 353,
                  "state": "passed",
                  "speed": "fast",
                  "pass": true,
                  "fail": false,
                  "pending": false,
                  "context": null,
                  "code": "cy.apiRequest('DELETE', '/users/2').then(response => {\n  expect(response.status).to.eq(204);\n});",
                  "err": {},
                  "uuid": "44e5e787-f96a-41b4-80e0-8e35f90f6b1b",
                  "parentUUID": "8648f9d1-074c-4400-a833-e3752068a409",
                  "isHook": false,
                  "skipped": false
                }
              ],
              "suites": [],
              "passes": [
                "3b5a4056-da72-4c6b-8345-4b224ca3a02f",
                "a6073410-c4d2-449b-b63d-ebe70b258a95",
                "1ce0d5bc-fca0-4eb9-ae75-ad0ca5f6c8cb",
                "39d7d61e-9991-4b47-8484-1edaf93e5883",
                "44e5e787-f96a-41b4-80e0-8e35f90f6b1b"
              ],
              "failures": [],
              "pending": [],
              "skipped": [],
              "duration": 1390,
              "root": false,
              "rootEmpty": false,
              "_timeout": 2000
            },
            {
              "uuid": "6c7953cf-22d4-4033-a169-81af07cdae47",
              "title": "Testes de Autenticação",
              "fullFile": "",
              "file": "",
              "beforeHooks": [],
              "afterHooks": [],
              "tests": [
                {
                  "title": "POST /login - deve realizar login com sucesso",
                  "fullTitle": "API Tests - Reqres.in Testes de Autenticação POST /login - deve realizar login com sucesso",
                  "timedOut": null,
                  "duration": 320,
                  "state": "passed",
                  "speed": "fast",
                  "pass": true,
                  "fail": false,
                  "pending": false,
                  "context": null,
                  "code": "cy.apiRequest('POST', '/login', apiData.loginSuccess).then(response => {\n  expect(response.status).to.eq(200);\n  expect(response.body).to.have.property('token');\n  expect(response.body.token).to.be.a('string').and.not.be.empty;\n});",
                  "err": {},
                  "uuid": "fffb6af1-2020-4668-b6ee-e671e6d6d215",
                  "parentUUID": "6c7953cf-22d4-4033-a169-81af07cdae47",
                  "isHook": false,
                  "skipped": false
                },
                {
                  "title": "POST /login - deve falhar sem senha",
                  "fullTitle": "API Tests - Reqres.in Testes de Autenticação POST /login - deve falhar sem senha",
                  "timedOut": null,
                  "duration": 286,
                  "state": "passed",
                  "speed": "fast",
                  "pass": true,
                  "fail": false,
                  "pending": false,
                  "context": null,
                  "code": "cy.apiRequest('POST', '/login', apiData.loginFail).then(response => {\n  expect(response.status).to.eq(400);\n  expect(response.body.error).to.eq('Missing password');\n});",
                  "err": {},
                  "uuid": "b8ab8652-f2bb-40c4-9aa7-6c3878b3f9ea",
                  "parentUUID": "6c7953cf-22d4-4033-a169-81af07cdae47",
                  "isHook": false,
                  "skipped": false
                },
                {
                  "title": "POST /login - deve falhar com body vazio",
                  "fullTitle": "API Tests - Reqres.in Testes de Autenticação POST /login - deve falhar com body vazio",
                  "timedOut": null,
                  "duration": 446,
                  "state": "passed",
                  "speed": "fast",
                  "pass": true,
                  "fail": false,
                  "pending": false,
                  "context": null,
                  "code": "cy.apiRequest('POST', '/login', {}).then(response => {\n  expect(response.status).to.eq(400);\n  expect(response.body).to.have.property('error');\n});",
                  "err": {},
                  "uuid": "f1fef7af-72d3-4200-bebe-07a59ad9835f",
                  "parentUUID": "6c7953cf-22d4-4033-a169-81af07cdae47",
                  "isHook": false,
                  "skipped": false
                }
              ],
              "suites": [],
              "passes": [
                "fffb6af1-2020-4668-b6ee-e671e6d6d215",
                "b8ab8652-f2bb-40c4-9aa7-6c3878b3f9ea",
                "f1fef7af-72d3-4200-bebe-07a59ad9835f"
              ],
              "failures": [],
              "pending": [],
              "skipped": [],
              "duration": 1052,
              "root": false,
              "rootEmpty": false,
              "_timeout": 2000
            },
            {
              "uuid": "67fe73eb-2dc9-402b-ad5f-34aaaac089f6",
              "title": "Testes de Resposta da API",
              "fullFile": "",
              "file": "",
              "beforeHooks": [],
              "afterHooks": [],
              "tests": [
                {
                  "title": "GET /users - deve responder em tempo aceitável",
                  "fullTitle": "API Tests - Reqres.in Testes de Resposta da API GET /users - deve responder em tempo aceitável",
                  "timedOut": null,
                  "duration": 261,
                  "state": "passed",
                  "speed": "fast",
                  "pass": true,
                  "fail": false,
                  "pending": false,
                  "context": null,
                  "code": "cy.apiRequest('GET', '/users?page=1').then(response => {\n  expect(response.status).to.eq(200);\n  expect(response.duration).to.be.lessThan(5000);\n  cy.log(`Tempo de resposta: ${response.duration}ms`);\n});",
                  "err": {},
                  "uuid": "c0435b32-3144-4fc4-a502-88b81a0f48ae",
                  "parentUUID": "67fe73eb-2dc9-402b-ad5f-34aaaac089f6",
                  "isHook": false,
                  "skipped": false
                },
                {
                  "title": "GET /users?delay=1 - deve respeitar o delay configurado",
                  "fullTitle": "API Tests - Reqres.in Testes de Resposta da API GET /users?delay=1 - deve respeitar o delay configurado",
                  "timedOut": null,
                  "duration": 1362,
                  "state": "passed",
                  "speed": "fast",
                  "pass": true,
                  "fail": false,
                  "pending": false,
                  "context": null,
                  "code": "cy.apiRequest('GET', '/users?delay=1').then(response => {\n  expect(response.status).to.eq(200);\n  expect(response.duration).to.be.greaterThan(900);\n  cy.log(`Tempo com delay: ${response.duration}ms`);\n});",
                  "err": {},
                  "uuid": "2521f890-df8c-4f69-8b04-9ae3a5e45ae2",
                  "parentUUID": "67fe73eb-2dc9-402b-ad5f-34aaaac089f6",
                  "isHook": false,
                  "skipped": false
                }
              ],
              "suites": [],
              "passes": [
                "c0435b32-3144-4fc4-a502-88b81a0f48ae",
                "2521f890-df8c-4f69-8b04-9ae3a5e45ae2"
              ],
              "failures": [],
              "pending": [],
              "skipped": [],
              "duration": 1623,
              "root": false,
              "rootEmpty": false,
              "_timeout": 2000
            }
          ],
          "passes": [],
          "failures": [],
          "pending": [],
          "skipped": [],
          "duration": 0,
          "root": false,
          "rootEmpty": false,
          "_timeout": 2000
        }
      ],
      "passes": [],
      "failures": [],
      "pending": [],
      "skipped": [],
      "duration": 0,
      "root": true,
      "rootEmpty": true,
      "_timeout": 2000
    }
  ],
  "meta": {
    "mocha": {
      "version": "7.0.1"
    },
    "mochawesome": {
      "options": {
        "quiet": false,
        "reportFilename": "mochawesome",
        "saveHtml": false,
        "saveJson": true,
        "consoleReporter": "spec",
        "useInlineDiffs": false,
        "code": true
      },
      "version": "7.1.4"
    },
    "marge": {
      "options": {
        "reportDir": "cypress/reports/json",
        "overwrite": false,
        "html": false,
        "json": true,
        "timestamp": "mmddyyyy_HHMMss"
      },
      "version": "6.3.2"
    }
  }
}